UnityAndroidPackage/launcher/build/intermediates/manifest_merge_blame_file/debug/manifest-merger-blame-debug-report.txt
1<?xml version="1.0" encoding="utf-8"?>
2<manifest xmlns:android="http://schemas.android.com/apk/res/android"
3    package="com.example.customlib"
4    android:installLocation="preferExternal"
5    android:versionCode="1"
6    android:versionName="0.1" >
7
8    <uses-sdk
9        android:minSdkVersion="22"
9-->src\main\AndroidManifest.xml
10        android:targetSdkVersion="32" />
10-->src\main\AndroidManifest.xml
11
12    <supports-screens
12-->src\main\AndroidManifest.xml:3:3-163
13        android:anyDensity="true"
13-->src\main\AndroidManifest.xml:3:135-160
14        android:largeScreens="true"
14-->src\main\AndroidManifest.xml:3:78-105
15        android:normalScreens="true"
15-->src\main\AndroidManifest.xml:3:49-77
16        android:smallScreens="true"
16-->src\main\AndroidManifest.xml:3:21-48
17        android:xlargeScreens="true" />
17-->src\main\AndroidManifest.xml:3:106-134
18
19    <uses-permission android:name="android.permission.ACCESS_NETWORK_STATE" />
19-->src\main\AndroidManifest.xml:7:3-77
19-->src\main\AndroidManifest.xml:7:20-74
20    <uses-permission android:name="android.permission.INTERNET" />
20-->src\main\AndroidManifest.xml:8:3-65
20-->src\main\AndroidManifest.xml:8:20-62
21
22    <uses-feature android:glEsVersion="0x00030000" />
22-->[:unityLibrary] AndroidManifest.xml:12:5-54
22-->[:unityLibrary] AndroidManifest.xml:12:19-51
23    <uses-feature
23-->[:unityLibrary] AndroidManifest.xml:13:5-15:36
24        android:name="android.hardware.vulkan.version"
24-->[:unityLibrary] AndroidManifest.xml:14:9-55
25        android:required="false" />
25-->[:unityLibrary] AndroidManifest.xml:15:9-33
26    <uses-feature
26-->[:unityLibrary] AndroidManifest.xml:20:5-22:36
27        android:name="android.hardware.touchscreen"
27-->[:unityLibrary] AndroidManifest.xml:21:9-52
28        android:required="false" />
28-->[:unityLibrary] AndroidManifest.xml:22:9-33
29    <uses-feature
29-->[:unityLibrary] AndroidManifest.xml:23:5-25:36
30        android:name="android.hardware.touchscreen.multitouch"
30-->[:unityLibrary] AndroidManifest.xml:24:9-63
31        android:required="false" />
31-->[:unityLibrary] AndroidManifest.xml:25:9-33
32    <uses-feature
32-->[:unityLibrary] AndroidManifest.xml:26:5-28:36
33        android:name="android.hardware.touchscreen.multitouch.distinct"
33-->[:unityLibrary] AndroidManifest.xml:27:9-72
34        android:required="false" />
34-->[:unityLibrary] AndroidManifest.xml:28:9-33
35
36    <application
36-->src\main\AndroidManifest.xml:4:3-6:17
37        android:name="com.example.mylibrary.BaseApplication"
37-->[:mylibrary] AndroidManifest.xml:10:9-61
38        android:appComponentFactory="android.support.v4.app.CoreComponentFactory"
38-->[com.android.support:support-compat:28.0.0] AndroidManifest.xml:22:18-91
39        android:debuggable="true"
40        android:extractNativeLibs="true"
40-->[:unityLibrary] AndroidManifest.xml:30:18-50
41        android:icon="@mipmap/app_icon"
41-->src\main\AndroidManifest.xml:4:49-80
42        android:label="@string/app_name"
42-->src\main\AndroidManifest.xml:4:16-48
43        android:testOnly="true"
44        android:theme="@style/Theme.AppCompat.Light" >
44-->[:mylibrary] AndroidManifest.xml:11:9-53
45        <meta-data
45-->src\main\AndroidManifest.xml:5:5-79
46            android:name="unity.builder"
46-->src\main\AndroidManifest.xml:5:16-44
47            android:value="\12369839008230" />
47-->src\main\AndroidManifest.xml:5:45-76
48
49        <activity
49-->[:mylibrary] AndroidManifest.xml:12:9-14:40
50            android:name="com.example.mylibrary.LocalActivity"
50-->[:mylibrary] AndroidManifest.xml:13:13-63
51            android:exported="false" />
51-->[:mylibrary] AndroidManifest.xml:14:13-37
52        <activity
52-->[:unityLibrary] AndroidManifest.xml:31:9-52:20
53            android:name="com.unity3d.player.UnityPlayerActivity"
53-->[:unityLibrary] AndroidManifest.xml:32:13-66
54            android:configChanges="mcc|mnc|locale|touchscreen|keyboard|keyboardHidden|navigation|orientation|screenLayout|uiMode|screenSize|smallestScreenSize|fontScale|layoutDirection|density"
54-->[:unityLibrary] AndroidManifest.xml:33:13-194
55            android:exported="true"
55-->[:unityLibrary] AndroidManifest.xml:34:13-36
56            android:hardwareAccelerated="false"
56-->[:unityLibrary] AndroidManifest.xml:35:13-48
57            android:launchMode="singleTask"
57-->[:unityLibrary] AndroidManifest.xml:36:13-44
58            android:resizeableActivity="false"
58-->[:unityLibrary] AndroidManifest.xml:37:13-47
59            android:screenOrientation="fullUser"
59-->[:unityLibrary] AndroidManifest.xml:38:13-49
60            android:theme="@style/UnityThemeSelector" >
60-->[:unityLibrary] AndroidManifest.xml:39:13-54
61            <intent-filter>
61-->[:unityLibrary] AndroidManifest.xml:40:13-44:29
62                <action android:name="android.intent.action.MAIN" />
62-->[:unityLibrary] AndroidManifest.xml:41:17-69
62-->[:unityLibrary] AndroidManifest.xml:41:25-66
63
64                <category android:name="android.intent.category.LAUNCHER" />
64-->[:unityLibrary] AndroidManifest.xml:43:17-77
64-->[:unityLibrary] AndroidManifest.xml:43:27-74
65            </intent-filter>
66
67            <meta-data
67-->[:unityLibrary] AndroidManifest.xml:46:13-48:40
68                android:name="unityplayer.UnityActivity"
68-->[:unityLibrary] AndroidManifest.xml:47:17-57
69                android:value="true" />
69-->[:unityLibrary] AndroidManifest.xml:48:17-37
70            <meta-data
70-->[:unityLibrary] AndroidManifest.xml:49:13-51:40
71                android:name="android.notch_support"
71-->[:unityLibrary] AndroidManifest.xml:50:17-53
72                android:value="true" />
72-->[:unityLibrary] AndroidManifest.xml:51:17-37
73        </activity>
74
75        <meta-data
75-->[:unityLibrary] AndroidManifest.xml:54:9-56:33
76            android:name="unity.splash-mode"
76-->[:unityLibrary] AndroidManifest.xml:55:13-45
77            android:value="0" />
77-->[:unityLibrary] AndroidManifest.xml:56:13-30
78        <meta-data
78-->[:unityLibrary] AndroidManifest.xml:57:9-59:36
79            android:name="unity.splash-enable"
79-->[:unityLibrary] AndroidManifest.xml:58:13-47
80            android:value="True" />
80-->[:unityLibrary] AndroidManifest.xml:59:13-33
81        <meta-data
81-->[:unityLibrary] AndroidManifest.xml:60:9-62:36
82            android:name="unity.launch-fullscreen"
82-->[:unityLibrary] AndroidManifest.xml:61:13-51
83            android:value="True" />
83-->[:unityLibrary] AndroidManifest.xml:62:13-33
84        <meta-data
84-->[:unityLibrary] AndroidManifest.xml:63:9-65:37
85            android:name="unity.allow-resizable-window"
85-->[:unityLibrary] AndroidManifest.xml:64:13-56
86            android:value="False" />
86-->[:unityLibrary] AndroidManifest.xml:65:13-34
87        <meta-data
87-->[:unityLibrary] AndroidManifest.xml:66:9-68:50
88            android:name="notch.config"
88-->[:unityLibrary] AndroidManifest.xml:67:13-40
89            android:value="portrait|landscape" />
89-->[:unityLibrary] AndroidManifest.xml:68:13-47
90    </application>
91
92</manifest>